<?xml version="1.0" encoding="UTF-8"?>
<testsuite xmlns:xsi="http://www.w3.org/2001/XMLSchema-instance" xsi:noNamespaceSchemaLocation="https://maven.apache.org/surefire/maven-failsafe-plugin/xsd/failsafe-test-report-3.0.xsd" version="3.0" name="Book a holiday trip" time="0.304" tests="1" errors="1" skipped="0" failures="0">
  <properties>
[...]
</properties>
  <testcase name="User should be able to book a holiday trip via mailtravel website" classname="Book a holiday trip" time="0.304">
    <error message="The step &quot;the user is on the mailtravel website home page&quot; is undefined. You can implement it using the snippet(s) below:&#10;&#10;@Given(&quot;the user is on the mailtravel website home page&quot;)&#10;public void the_user_is_on_the_mailtravel_website_home_page() {&#10;    // Write code here that turns the phrase above into concrete actions&#10;    throw new io.cucumber.java.PendingException();&#10;}&#10;&#10;&#10;Some other steps were also undefined:&#10;&#10;@When(&quot;he or she searches for the holiday place {string}&quot;)&#10;public void he_or_she_searches_for_the_holiday_place(String string) {&#10;    // Write code here that turns the phrase above into concrete actions&#10;    throw new io.cucumber.java.PendingException();&#10;}&#10;@Then(&quot;he or she should be able to see holiday details&quot;)&#10;public void he_or_she_should_be_able_to_see_holiday_details() {&#10;    // Write code here that turns the phrase above into concrete actions&#10;    throw new io.cucumber.java.PendingException();&#10;}&#10;@Then(&quot;should be able to book a holiday trip on the first available date successfully on giving all required information&quot;)&#10;public void should_be_able_to_book_a_holiday_trip_on_the_first_available_date_successfully_on_giving_all_required_information() {&#10;    // Write code here that turns the phrase above into concrete actions&#10;    throw new io.cucumber.java.PendingException();&#10;}&#10;@Then(&quot;should be able to sign up to newsletter&quot;)&#10;public void should_be_able_to_sign_up_to_newsletter() {&#10;    // Write code here that turns the phrase above into concrete actions&#10;    throw new io.cucumber.java.PendingException();&#10;}&#10;" type="io.cucumber.junit.UndefinedStepException"><![CDATA[io.cucumber.junit.UndefinedStepException: 
The step "the user is on the mailtravel website home page" is undefined. You can implement it using the snippet(s) below:

@Given("the user is on the mailtravel website home page")
public void the_user_is_on_the_mailtravel_website_home_page() {
    // Write code here that turns the phrase above into concrete actions
    throw new io.cucumber.java.PendingException();
}


Some other steps were also undefined:

@When("he or she searches for the holiday place {string}")
public void he_or_she_searches_for_the_holiday_place(String string) {
    // Write code here that turns the phrase above into concrete actions
    throw new io.cucumber.java.PendingException();
}
@Then("he or she should be able to see holiday details")
public void he_or_she_should_be_able_to_see_holiday_details() {
    // Write code here that turns the phrase above into concrete actions
    throw new io.cucumber.java.PendingException();
}
@Then("should be able to book a holiday trip on the first available date successfully on giving all required information")
public void should_be_able_to_book_a_holiday_trip_on_the_first_available_date_successfully_on_giving_all_required_information() {
    // Write code here that turns the phrase above into concrete actions
    throw new io.cucumber.java.PendingException();
}
@Then("should be able to sign up to newsletter")
public void should_be_able_to_sign_up_to_newsletter() {
    // Write code here that turns the phrase above into concrete actions
    throw new io.cucumber.java.PendingException();
}

]]></error>
    <system-out><![CDATA[00:35:05.641 [main] DEBUG n.t.c.u.PropertiesFileLocalPreferences - webdriver.driver=chrome

00:35:05.646 [main] DEBUG n.t.c.u.PropertiesFileLocalPreferences - webdriver.chrome.driver=./src/test/resources/drivers/chromedriver

00:35:05.890 [main] INFO  i.c.core.plugin.SerenityReporter - Running feature from file:///Users/preethykrishnamoorthy/Documents/serenity-cucumber_pom-mailtravel/src/test/resources/features/BookAHoliday.feature

00:35:06.116 [main] DEBUG n.t.c.u.PropertiesFileLocalPreferences - webdriver.driver=chrome

00:35:06.116 [main] DEBUG n.t.c.u.PropertiesFileLocalPreferences - webdriver.chrome.driver=./src/test/resources/drivers/chromedriver

00:35:06.121 [main] INFO   - 

-------------------------------------------------------------------------------------
     _______. _______ .______       _______ .__   __.  __  .___________.____    ____ 
    /       ||   ____||   _  \     |   ____||  \ |  | |  | |           |\   \  /   / 
   |   (----`|  |__   |  |_)  |    |  |__   |   \|  | |  | `---|  |----` \   \/   /  
    \   \    |   __|  |      /     |   __|  |  . `  | |  |     |  |       \_    _/   
.----)   |   |  |____ |  |\  \----.|  |____ |  |\   | |  |     |  |         |  |     
|_______/    |_______|| _| `._____||_______||__| \__| |__|     |__|         |__|    
                                                                                     
 News and tutorials at http://www.serenity-bdd.info                                  
 Documentation at https://wakaleo.gitbooks.io/the-serenity-book/content/             
 Join the Serenity Community on Gitter: https://gitter.im/serenity-bdd/serenity-core 
 Serenity BDD Support and Training at http://serenity-bdd.info/#/trainingandsupport  
-------------------------------------------------------------------------------------


00:35:06.123 [main] DEBUG n.thucydides.core.steps.StepEventBus - Test suite started for story net.thucydides.core.model.Story@61790d5e

00:35:06.125 [main] INFO   - Test Suite Started: Book a holiday trip

00:35:06.446 [pool-2-thread-1] INFO   - 
          __  _____ _____ ____ _____   ____  _____ _   _ ____ ___ _   _  ____ 
 _       / / |_   _| ____/ ___|_   _| |  _ \| ____| \ | |  _ \_ _| \ | |/ ___|
(_)____ / /    | | |  _| \___ \ | |   | |_) |  _| |  \| | | | | ||  \| | |  _ 
 |_____/ /     | | | |___ ___) || |   |  __/| |___| |\  | |_| | || |\  | |_| |
(_)   /_/      |_| |_____|____/ |_|   |_|   |_____|_| \_|____/___|_| \_|\____|

User should be able to book a holiday trip via mailtravel website
-------------------------------------------------------------------------------



&amp#27;[33mUndefined scenarios:&amp#27;[0m


&amp#27;[33mfile:///Users/preethykrishnamoorthy/Documents/serenity-cucumber_pom-mailtravel/src/test/resources/features/BookAHoliday.feature:3&amp#27;[0m
# User should be able to book a holiday trip via mailtravel website




1
 Scenarios (
&amp#27;[33m1 undefined&amp#27;[0m
)


5
 Steps (
&amp#27;[36m4 skipped&amp#27;[0m
, 
&amp#27;[33m1 undefined&amp#27;[0m
)


0m
0.582s






You can implement missing steps with the snippets below:




@Given("the user is on the mailtravel website home page")
public void the_user_is_on_the_mailtravel_website_home_page() {
    // Write code here that turns the phrase above into concrete actions
    throw new io.cucumber.java.PendingException();
}




@When("he or she searches for the holiday place {string}")
public void he_or_she_searches_for_the_holiday_place(String string) {
    // Write code here that turns the phrase above into concrete actions
    throw new io.cucumber.java.PendingException();
}




@Then("he or she should be able to see holiday details")
public void he_or_she_should_be_able_to_see_holiday_details() {
    // Write code here that turns the phrase above into concrete actions
    throw new io.cucumber.java.PendingException();
}




@Then("should be able to book a holiday trip on the first available date successfully on giving all required information")
public void should_be_able_to_book_a_holiday_trip_on_the_first_available_date_successfully_on_giving_all_required_information() {
    // Write code here that turns the phrase above into concrete actions
    throw new io.cucumber.java.PendingException();
}




@Then("should be able to sign up to newsletter")
public void should_be_able_to_sign_up_to_newsletter() {
    // Write code here that turns the phrase above into concrete actions
    throw new io.cucumber.java.PendingException();
}






00:35:06.472 [main] DEBUG n.t.core.reports.ReportService - Reporting formats: [JSON, HTML]

00:35:06.528 [main] DEBUG n.t.core.reports.ReportService - Reporting formats: [JSON, HTML]

00:35:06.539 [main] DEBUG n.t.core.reports.ReportService - Generating reports for 1 test outcomes using: net.thucydides.core.reports.json.JSONTestOutcomeReporter@aeab9a1

00:35:06.540 [pool-2-thread-1] DEBUG n.t.core.reports.ReportService - Processing test outcome Book a holiday trip:User should be able to book a holiday trip via mailtravel website

00:35:06.540 [pool-2-thread-1] DEBUG n.t.core.reports.ReportService - net.thucydides.core.reports.json.JSONTestOutcomeReporter@aeab9a1: Generating report for test outcome: Book a holiday trip:User should be able to book a holiday trip via mailtravel website

00:35:06.546 [pool-2-thread-1] DEBUG n.t.c.r.json.JSONTestOutcomeReporter - Generating JSON report for User should be able to book a holiday trip via mailtravel website to file /Users/preethykrishnamoorthy/Documents/serenity-cucumber_pom-mailtravel/target/site/serenity/0dca0e470415264c32c93d2a4e8a4bf7864e7f194971ae30290914efd3c5637c.json (using temp file /Users/preethykrishnamoorthy/Documents/serenity-cucumber_pom-mailtravel/target/site/serenity/0dca0e470415264c32c93d2a4e8a4bf7864e7f194971ae30290914efd3c5637c.jsonf1c4528f-5e58-4b96-a2ee-6d766fcc2ae0)

00:35:06.575 [pool-2-thread-1] DEBUG n.t.core.reports.ReportService - Processing test outcome Book a holiday trip:User should be able to book a holiday trip via mailtravel website done

00:35:06.575 [main] DEBUG n.t.core.reports.ReportService - Shutting down executor service

00:35:06.576 [main] DEBUG n.t.core.reports.ReportService - Reports generated in: 37 ms

00:35:06.576 [main] DEBUG n.t.core.reports.ReportService - Generating reports for 1 test outcomes using: net.thucydides.core.reports.html.HtmlAcceptanceTestReporter@207ea13

00:35:06.576 [pool-3-thread-1] DEBUG n.t.core.reports.ReportService - Processing test outcome Book a holiday trip:User should be able to book a holiday trip via mailtravel website

00:35:06.576 [pool-3-thread-1] DEBUG n.t.core.reports.ReportService - net.thucydides.core.reports.html.HtmlAcceptanceTestReporter@207ea13: Generating report for test outcome: Book a holiday trip:User should be able to book a holiday trip via mailtravel website

00:35:06.577 [pool-3-thread-1] DEBUG n.t.c.r.h.HtmlAcceptanceTestReporter - GENERATE TEST OUTCOME REPORT FOR User should be able to book a holiday trip via mailtravel website in 0dca0e470415264c32c93d2a4e8a4bf7864e7f194971ae30290914efd3c5637c

00:35:06.594 [pool-3-thread-1] DEBUG n.t.c.r.m.cucumber.CucumberParser - Added feature Book a holiday trip

00:35:06.594 [pool-3-thread-1] DEBUG n.t.c.r.RequirementsTagProvider -  found:[Requirement{name='Book a holiday trip', type='feature' parent = 'null', cardNumber='null'}]

00:35:06.600 [pool-3-thread-1] DEBUG n.t.c.r.BaseRequirementsService - Requirement found for test outcome User should be able to book a holiday trip via mailtravel website-[]: Optional[Requirement{name='Book a holiday trip', type='feature' parent = 'null', cardNumber='null'}]

00:35:06.601 [pool-3-thread-1] DEBUG n.t.c.r.BaseRequirementsService - Requirement found for test outcome User should be able to book a holiday trip via mailtravel website-[]: Optional[Requirement{name='Book a holiday trip', type='feature' parent = 'null', cardNumber='null'}]

00:35:06.663 [pool-3-thread-1] DEBUG n.t.c.r.h.HtmlAcceptanceTestReporter - GENERATING HTML REPORT FOR Book a holiday trip:User should be able to book a holiday trip via mailtravel website in 0dca0e470415264c32c93d2a4e8a4bf7864e7f194971ae30290914efd3c5637c.html in directory target/site/serenity  

00:35:06.664 [pool-3-thread-1] DEBUG n.t.c.r.h.HtmlAcceptanceTestReporter - Generating report in 0dca0e470415264c32c93d2a4e8a4bf7864e7f194971ae30290914efd3c5637c.html

00:35:06.996 [pool-3-thread-1] DEBUG n.t.c.r.h.HtmlAcceptanceTestReporter - Generated report 0dca0e470415264c32c93d2a4e8a4bf7864e7f194971ae30290914efd3c5637c.html in 332 ms

00:35:06.996 [pool-3-thread-1] DEBUG n.t.core.reports.ReportService - Processing test outcome Book a holiday trip:User should be able to book a holiday trip via mailtravel website done

00:35:06.996 [main] DEBUG n.t.core.reports.ReportService - Shutting down executor service

00:35:06.997 [main] DEBUG n.t.core.reports.ReportService - Reports generated in: 421 ms

00:35:06.257 [pool-2-thread-1] INFO  i.c.core.plugin.SerenityReporter - Running feature from file:///Users/preethykrishnamoorthy/Documents/serenity-cucumber_pom-mailtravel/src/test/resources/features/BookAHoliday.feature
00:35:06.318 [pool-2-thread-1] INFO   - 
 _____ _____ ____ _____   ____ _____  _    ____ _____ _____ ____  
|_   _| ____/ ___|_   _| / ___|_   _|/ \  |  _ \_   _| ____|  _ \ 
  | | |  _| \___ \ | |   \___ \ | | / _ \ | |_) || | |  _| | | | |
  | | | |___ ___) || |    ___) || |/ ___ \|  _ < | | | |___| |_| |
  |_| |_____|____/ |_|   |____/ |_/_/   \_\_| \_\|_| |_____|____/ 

User should be able to book a holiday trip via mailtravel website(book-a-holiday-trip;user-should-be-able-to-book-a-holiday-trip-via-mailtravel-website)
-------------------------------------------------------------------
00:35:06.367 [pool-2-thread-1] DEBUG n.t.c.r.m.cucumber.CucumberParser - Added feature Book a holiday trip
]]></system-out>
  </testcase>
</testsuite>